2025-12-31 21:44:37.774 [INF] 
    🚀 Starting AgriLink API...
2025-12-31 21:44:37.808 [INF] 
    📝 Logging level: Debug (All logs including errors)
2025-12-31 21:44:37.810 [INF] 
    📂 All logs: Logs/all/agrilink-YYYYMMDD.log
2025-12-31 21:44:37.811 [INF] 
    ❌ Errors only: Logs/errors/error-YYYYMMDD.log
2025-12-31 21:44:37.943 [INF] 
    ✅ AgriLink API started successfully
2025-12-31 21:44:37.964 [INF] Microsoft.AspNetCore.DataProtection.KeyManagement.XmlKeyManager
    User profile is available. Using 'C:\Users\duyho\AppData\Local\ASP.NET\DataProtection-Keys' as key repository and Windows DPAPI to encrypt keys at rest.
2025-12-31 21:44:53.320 [INF] Microsoft.AspNetCore.Hosting.Diagnostics
    Request starting HTTP/1.1 GET http://localhost:5243/scalar/v1 - null null
2025-12-31 21:44:53.353 [WRN] Microsoft.AspNetCore.HttpsPolicy.HttpsRedirectionMiddleware
    Failed to determine the https port for redirect.
2025-12-31 21:44:53.373 [INF] Microsoft.AspNetCore.Routing.EndpointMiddleware
    Executing endpoint 'HTTP: GET /scalar/{documentName?}'
2025-12-31 21:44:53.475 [INF] Microsoft.AspNetCore.Http.Result.ContentResult
    Write content with HTTP Response ContentType of text/html
2025-12-31 21:44:53.479 [INF] Microsoft.AspNetCore.Routing.EndpointMiddleware
    Executed endpoint 'HTTP: GET /scalar/{documentName?}'
2025-12-31 21:44:53.481 [INF] Microsoft.AspNetCore.Hosting.Diagnostics
    Request finished HTTP/1.1 GET http://localhost:5243/scalar/v1 - 200 709 text/html 162.3105ms
2025-12-31 21:44:53.497 [INF] Microsoft.AspNetCore.Hosting.Diagnostics
    Request starting HTTP/1.1 GET http://localhost:5243/scalar/scalar.js - null null
2025-12-31 21:44:53.497 [INF] Microsoft.AspNetCore.Hosting.Diagnostics
    Request starting HTTP/1.1 GET http://localhost:5243/scalar/scalar.aspnetcore.js - null null
2025-12-31 21:44:53.503 [INF] Microsoft.AspNetCore.Cors.Infrastructure.CorsService
    CORS policy execution successful.
2025-12-31 21:44:53.503 [INF] Microsoft.AspNetCore.Routing.EndpointMiddleware
    Executing endpoint 'HTTP: GET /scalar/scalar.js'
2025-12-31 21:44:53.507 [INF] Microsoft.AspNetCore.Routing.EndpointMiddleware
    Executing endpoint 'HTTP: GET /scalar/scalar.aspnetcore.js'
2025-12-31 21:44:53.511 [INF] Microsoft.AspNetCore.Http.Result.FileStreamResult
    Sending file with download name ''.
2025-12-31 21:44:53.511 [INF] Microsoft.AspNetCore.Http.Result.FileStreamResult
    Sending file with download name ''.
2025-12-31 21:44:53.517 [INF] Microsoft.AspNetCore.Routing.EndpointMiddleware
    Executed endpoint 'HTTP: GET /scalar/scalar.aspnetcore.js'
2025-12-31 21:44:53.519 [INF] Microsoft.AspNetCore.Hosting.Diagnostics
    Request finished HTTP/1.1 GET http://localhost:5243/scalar/scalar.aspnetcore.js - 200 1111 text/javascript 21.6839ms
2025-12-31 21:44:53.521 [INF] Microsoft.AspNetCore.Hosting.Diagnostics
    Request starting HTTP/1.1 GET http://localhost:5243/scalar/scalar.aspnetcore.js - null null
2025-12-31 21:44:53.526 [INF] Microsoft.AspNetCore.Routing.EndpointMiddleware
    Executing endpoint 'HTTP: GET /scalar/scalar.aspnetcore.js'
2025-12-31 21:44:53.528 [INF] Microsoft.AspNetCore.Http.Result.FileStreamResult
    Sending file with download name ''.
2025-12-31 21:44:53.529 [INF] Microsoft.AspNetCore.Routing.EndpointMiddleware
    Executed endpoint 'HTTP: GET /scalar/scalar.aspnetcore.js'
2025-12-31 21:44:53.530 [INF] Microsoft.AspNetCore.Hosting.Diagnostics
    Request finished HTTP/1.1 GET http://localhost:5243/scalar/scalar.aspnetcore.js - 200 1111 text/javascript 8.7911ms
2025-12-31 21:44:53.539 [INF] Microsoft.AspNetCore.Routing.EndpointMiddleware
    Executed endpoint 'HTTP: GET /scalar/scalar.js'
2025-12-31 21:44:53.542 [INF] Microsoft.AspNetCore.Hosting.Diagnostics
    Request finished HTTP/1.1 GET http://localhost:5243/scalar/scalar.js - 200 939279 text/javascript 45.6529ms
2025-12-31 21:44:53.552 [INF] Microsoft.AspNetCore.Hosting.Diagnostics
    Request starting HTTP/1.1 GET http://localhost:5243/scalar/scalar.js - null null
2025-12-31 21:44:53.556 [INF] Microsoft.AspNetCore.Routing.EndpointMiddleware
    Executing endpoint 'HTTP: GET /scalar/scalar.js'
2025-12-31 21:44:53.558 [INF] Microsoft.AspNetCore.Http.Result.FileStreamResult
    Sending file with download name ''.
2025-12-31 21:44:53.588 [INF] Microsoft.AspNetCore.Routing.EndpointMiddleware
    Executed endpoint 'HTTP: GET /scalar/scalar.js'
2025-12-31 21:44:53.590 [INF] Microsoft.AspNetCore.Hosting.Diagnostics
    Request finished HTTP/1.1 GET http://localhost:5243/scalar/scalar.js - 200 939279 text/javascript 37.4565ms
2025-12-31 21:44:53.800 [INF] Microsoft.AspNetCore.Hosting.Diagnostics
    Request starting HTTP/1.1 GET http://localhost:5243/swagger/v1/swagger.json - null null
2025-12-31 21:44:53.842 [INF] Microsoft.AspNetCore.Hosting.Diagnostics
    Request starting HTTP/1.1 GET http://localhost:5243/scalar/favicon.svg - null null
2025-12-31 21:44:53.846 [INF] Microsoft.AspNetCore.Routing.EndpointMiddleware
    Executing endpoint 'HTTP: GET /scalar/favicon.svg'
2025-12-31 21:44:53.848 [INF] Microsoft.AspNetCore.Http.Result.FileStreamResult
    Sending file with download name ''.
2025-12-31 21:44:53.849 [INF] Microsoft.AspNetCore.Routing.EndpointMiddleware
    Executed endpoint 'HTTP: GET /scalar/favicon.svg'
2025-12-31 21:44:53.850 [INF] Microsoft.AspNetCore.Hosting.Diagnostics
    Request finished HTTP/1.1 GET http://localhost:5243/scalar/favicon.svg - 200 533 image/svg+xml 8.3892ms
2025-12-31 21:44:54.015 [INF] Microsoft.AspNetCore.Hosting.Diagnostics
    Request finished HTTP/1.1 GET http://localhost:5243/swagger/v1/swagger.json - 200 null application/json;charset=utf-8 215.2707ms
2025-12-31 21:44:58.525 [INF] Microsoft.AspNetCore.Hosting.Diagnostics
    Request starting HTTP/1.1 POST http://localhost:5243/api/Auth/login - application/json 45
2025-12-31 21:44:58.529 [INF] Microsoft.AspNetCore.Cors.Infrastructure.CorsService
    CORS policy execution successful.
2025-12-31 21:44:58.531 [INF] Microsoft.AspNetCore.Routing.EndpointMiddleware
    Executing endpoint 'AgriLink_DH.Api.Controllers.AuthController.Login (AgriLink_DH.Api)'
2025-12-31 21:44:58.548 [INF] Microsoft.AspNetCore.Mvc.Infrastructure.ControllerActionInvoker
    Route matched with {action = "Login", controller = "Auth"}. Executing controller action with signature System.Threading.Tasks.Task`1[Microsoft.AspNetCore.Mvc.ActionResult`1[AgriLink_DH.Share.Common.ApiResponse`1[System.Object]]] Login(AgriLink_DH.Share.DTOs.Auth.LoginDto) on controller AgriLink_DH.Api.Controllers.AuthController (AgriLink_DH.Api).
2025-12-31 21:45:00.341 [INF] Microsoft.AspNetCore.Mvc.Infrastructure.ObjectResultExecutor
    Executing BadRequestObjectResult, writing value of type 'Microsoft.AspNetCore.Mvc.ValidationProblemDetails'.
2025-12-31 21:45:00.364 [INF] Microsoft.AspNetCore.Mvc.Infrastructure.ControllerActionInvoker
    Executed action AgriLink_DH.Api.Controllers.AuthController.Login (AgriLink_DH.Api) in 1812.1545ms
2025-12-31 21:45:00.366 [INF] Microsoft.AspNetCore.Routing.EndpointMiddleware
    Executed endpoint 'AgriLink_DH.Api.Controllers.AuthController.Login (AgriLink_DH.Api)'
2025-12-31 21:45:00.370 [INF] Microsoft.AspNetCore.Hosting.Diagnostics
    Request finished HTTP/1.1 POST http://localhost:5243/api/Auth/login - 400 null application/problem+json; charset=utf-8 1845.166ms
2025-12-31 21:45:32.930 [INF] Microsoft.AspNetCore.Hosting.Diagnostics
    Request starting HTTP/1.1 POST http://localhost:5243/api/Auth/login - application/json 55
2025-12-31 21:45:32.935 [INF] Microsoft.AspNetCore.Cors.Infrastructure.CorsService
    CORS policy execution successful.
2025-12-31 21:45:32.935 [INF] Microsoft.AspNetCore.Routing.EndpointMiddleware
    Executing endpoint 'AgriLink_DH.Api.Controllers.AuthController.Login (AgriLink_DH.Api)'
2025-12-31 21:45:32.937 [INF] Microsoft.AspNetCore.Mvc.Infrastructure.ControllerActionInvoker
    Route matched with {action = "Login", controller = "Auth"}. Executing controller action with signature System.Threading.Tasks.Task`1[Microsoft.AspNetCore.Mvc.ActionResult`1[AgriLink_DH.Share.Common.ApiResponse`1[System.Object]]] Login(AgriLink_DH.Share.DTOs.Auth.LoginDto) on controller AgriLink_DH.Api.Controllers.AuthController (AgriLink_DH.Api).
2025-12-31 21:45:40.838 [INF] Microsoft.EntityFrameworkCore.Database.Command
    Executed DbCommand (805ms) [Parameters=[@__usernameOrEmail_0='?', @__usernameOrEmail_0_1='?'], CommandType='"Text"', CommandTimeout='30']
SELECT u.id, u.created_at, u.email, u.full_name, u.is_active, u.password_hash, u.phone_number, u.role, u.updated_at, u.username
FROM users AS u
WHERE u.username = @__usernameOrEmail_0 OR u.email = @__usernameOrEmail_0_1
LIMIT 1
2025-12-31 21:45:44.391 [INF] Microsoft.EntityFrameworkCore.Database.Command
    Executed DbCommand (2,859ms) [Parameters=[@p0='?' (DbType = Guid), @p1='?', @p2='?', @p3='?', @p4='?' (DbType = Boolean), @p5='?' (DbType = DateTime), @p6='?', @p7='?' (DbType = Guid)], CommandType='"Text"', CommandTimeout='30']
INSERT INTO user_login_logs (id, action_type, device_info, ip_address, is_success, login_time, metadata, user_id)
VALUES (@p0, @p1, @p2, @p3, @p4, @p5, @p6, @p7);
2025-12-31 21:45:44.403 [INF] Microsoft.AspNetCore.Mvc.Infrastructure.ObjectResultExecutor
    Executing OkObjectResult, writing value of type 'AgriLink_DH.Share.Common.ApiResponse`1[[System.Object, System.Private.CoreLib, Version=9.0.0.0, Culture=neutral, PublicKeyToken=7cec85d7bea7798e]]'.
2025-12-31 21:45:44.418 [INF] Microsoft.AspNetCore.Mvc.Infrastructure.ControllerActionInvoker
    Executed action AgriLink_DH.Api.Controllers.AuthController.Login (AgriLink_DH.Api) in 11480.134ms
2025-12-31 21:45:44.420 [INF] Microsoft.AspNetCore.Routing.EndpointMiddleware
    Executed endpoint 'AgriLink_DH.Api.Controllers.AuthController.Login (AgriLink_DH.Api)'
2025-12-31 21:45:44.424 [INF] Microsoft.AspNetCore.Hosting.Diagnostics
    Request finished HTTP/1.1 POST http://localhost:5243/api/Auth/login - 200 null application/json; charset=utf-8 11493.7772ms
2025-12-31 21:46:29.445 [INF] Microsoft.AspNetCore.Hosting.Diagnostics
    Request starting HTTP/1.1 GET http://localhost:5243/api/Products/00000000-0000-0000-0000-000000000004 - null null
2025-12-31 21:46:29.480 [INF] Microsoft.AspNetCore.Routing.EndpointMiddleware
    Executing endpoint 'AgriLink_DH.Api.Controllers.ProductsController.GetProductById (AgriLink_DH.Api)'
2025-12-31 21:46:29.485 [INF] Microsoft.AspNetCore.Mvc.Infrastructure.ControllerActionInvoker
    Route matched with {action = "GetProductById", controller = "Products"}. Executing controller action with signature System.Threading.Tasks.Task`1[Microsoft.AspNetCore.Mvc.ActionResult`1[AgriLink_DH.Share.Common.ApiResponse`1[AgriLink_DH.Share.DTOs.Product.ProductDto]]] GetProductById(System.Guid) on controller AgriLink_DH.Api.Controllers.ProductsController (AgriLink_DH.Api).
2025-12-31 21:46:30.369 [INF] Microsoft.EntityFrameworkCore.Database.Command
    Executed DbCommand (838ms) [Parameters=[@__p_0='?' (DbType = Guid)], CommandType='"Text"', CommandTimeout='30']
SELECT p.id, p.code, p.name, p.unit
FROM products AS p
WHERE p.id = @__p_0
LIMIT 1
2025-12-31 21:46:30.372 [INF] Microsoft.AspNetCore.Mvc.Infrastructure.ObjectResultExecutor
    Executing NotFoundObjectResult, writing value of type 'AgriLink_DH.Share.Common.ApiResponse`1[[AgriLink_DH.Share.DTOs.Product.ProductDto, AgriLink_DH.Share, Version=1.0.0.0, Culture=neutral, PublicKeyToken=null]]'.
2025-12-31 21:46:30.375 [INF] Microsoft.AspNetCore.Mvc.Infrastructure.ControllerActionInvoker
    Executed action AgriLink_DH.Api.Controllers.ProductsController.GetProductById (AgriLink_DH.Api) in 888.3463ms
2025-12-31 21:46:30.376 [INF] Microsoft.AspNetCore.Routing.EndpointMiddleware
    Executed endpoint 'AgriLink_DH.Api.Controllers.ProductsController.GetProductById (AgriLink_DH.Api)'
2025-12-31 21:46:30.378 [INF] Microsoft.AspNetCore.Hosting.Diagnostics
    Request finished HTTP/1.1 GET http://localhost:5243/api/Products/00000000-0000-0000-0000-000000000004 - 404 null application/json; charset=utf-8 933.0993ms
2025-12-31 21:46:43.523 [INF] Microsoft.AspNetCore.Hosting.Diagnostics
    Request starting HTTP/1.1 GET http://localhost:5243/api/Products/00000000-0000-0000-0000-00000000000 - null null
2025-12-31 21:46:43.526 [INF] Microsoft.AspNetCore.Hosting.Diagnostics
    Request finished HTTP/1.1 GET http://localhost:5243/api/Products/00000000-0000-0000-0000-00000000000 - 404 0 null 3.4435ms
2025-12-31 21:46:43.530 [INF] Microsoft.AspNetCore.Hosting.Diagnostics
    Request reached the end of the middleware pipeline without being handled by application code. Request path: GET http://localhost:5243/api/Products/00000000-0000-0000-0000-00000000000, Response status code: 404
2025-12-31 21:47:00.431 [INF] Microsoft.AspNetCore.Hosting.Diagnostics
    Request starting HTTP/1.1 GET http://localhost:5243/api/Products/00000000-0000-0000-0000-000000000001 - null null
2025-12-31 21:47:00.434 [INF] Microsoft.AspNetCore.Routing.EndpointMiddleware
    Executing endpoint 'AgriLink_DH.Api.Controllers.ProductsController.GetProductById (AgriLink_DH.Api)'
2025-12-31 21:47:00.435 [INF] Microsoft.AspNetCore.Mvc.Infrastructure.ControllerActionInvoker
    Route matched with {action = "GetProductById", controller = "Products"}. Executing controller action with signature System.Threading.Tasks.Task`1[Microsoft.AspNetCore.Mvc.ActionResult`1[AgriLink_DH.Share.Common.ApiResponse`1[AgriLink_DH.Share.DTOs.Product.ProductDto]]] GetProductById(System.Guid) on controller AgriLink_DH.Api.Controllers.ProductsController (AgriLink_DH.Api).
2025-12-31 21:47:01.261 [INF] Microsoft.EntityFrameworkCore.Database.Command
    Executed DbCommand (821ms) [Parameters=[@__p_0='?' (DbType = Guid)], CommandType='"Text"', CommandTimeout='30']
SELECT p.id, p.code, p.name, p.unit
FROM products AS p
WHERE p.id = @__p_0
LIMIT 1
2025-12-31 21:47:01.271 [INF] Microsoft.AspNetCore.Mvc.Infrastructure.ObjectResultExecutor
    Executing OkObjectResult, writing value of type 'AgriLink_DH.Share.Common.ApiResponse`1[[AgriLink_DH.Share.DTOs.Product.ProductDto, AgriLink_DH.Share, Version=1.0.0.0, Culture=neutral, PublicKeyToken=null]]'.
2025-12-31 21:47:01.274 [INF] Microsoft.AspNetCore.Mvc.Infrastructure.ControllerActionInvoker
    Executed action AgriLink_DH.Api.Controllers.ProductsController.GetProductById (AgriLink_DH.Api) in 837.2664ms
2025-12-31 21:47:01.276 [INF] Microsoft.AspNetCore.Routing.EndpointMiddleware
    Executed endpoint 'AgriLink_DH.Api.Controllers.ProductsController.GetProductById (AgriLink_DH.Api)'
2025-12-31 21:47:01.277 [INF] Microsoft.AspNetCore.Hosting.Diagnostics
    Request finished HTTP/1.1 GET http://localhost:5243/api/Products/00000000-0000-0000-0000-000000000001 - 200 null application/json; charset=utf-8 846.0533ms
2025-12-31 21:51:07.967 [INF] 
    👋 Shutting down AgriLink API...
2025-12-31 21:51:11.437 [INF] [] 
    [STARTUP] Starting AgriLink API
2025-12-31 21:51:11.468 [INF] [] 
    [LOGGING] Level: Debug (All logs including errors)
2025-12-31 21:51:11.470 [INF] [] 
    [LOGGING] All logs: Logs/all/agrilink-YYYYMMDD.log
2025-12-31 21:51:11.471 [INF] [] 
    [LOGGING] Errors only: Logs/errors/error-YYYYMMDD.log
2025-12-31 21:51:11.605 [INF] [] 
    ✅ AgriLink API started successfully
2025-12-31 21:51:11.625 [INF] [] Microsoft.AspNetCore.DataProtection.KeyManagement.XmlKeyManager
    User profile is available. Using 'C:\Users\duyho\AppData\Local\ASP.NET\DataProtection-Keys' as key repository and Windows DPAPI to encrypt keys at rest.
